<?xml version="1.0" encoding="UTF-8"?>
<!-- Generated by org.testng.reporters.JUnitReportReporter -->
<testsuite hostname="RezaAsus" failures="0" tests="1" name="TestCase.TestF" time="15.882" errors="0" timestamp="2020-01-07T16:10:26 EST" skipped="0">
  <testcase classname="TestCase.TestF" name="Home" time="15.882"/>
</testsuite> <!-- TestCase.TestF -->
