<?xml version="1.0" encoding="UTF-8"?>
<!-- Generated by org.testng.reporters.JUnitReportReporter -->
<testsuite hostname="RezaAsus" failures="0" tests="2" name="TestCase.Post" time="139.113" errors="0" timestamp="2020-01-10T15:29:13 EST" skipped="0">
  <testcase classname="TestCase.Post" name="Lcd7PlusPost" time="67.371"/>
  <testcase classname="TestCase.Post" name="Lcd7Post" time="71.742"/>
</testsuite> <!-- TestCase.Post -->
