<?xml version="1.0" encoding="UTF-8"?>
<!-- Generated by org.testng.reporters.JUnitReportReporter -->
<testsuite hostname="RezaAsus" failures="0" tests="1" name="TestCase.TestFForTestNG" time="13.424" errors="0" timestamp="2020-01-07T16:24:23 EST" skipped="0">
  <testcase classname="TestCase.TestFForTestNG" name="Home" time="13.424"/>
</testsuite> <!-- TestCase.TestFForTestNG -->
